2020-08-13T19:26:35 [e00:00.00 r-------- l?] [T31   0%] [1:IDLE]
2020-08-13T19:26:35 [e00:00.03 r-------- l?] [T31   0%] [1:WORK 00000001:0.00]
2020-08-13T19:26:35 [e00:00.06 r00:01.86 l00000001] [T31 S1   3%] [1:SUCC 00000001:0.03]
2020-08-13T19:26:35 [e00:00.06 r00:01.86 l00000001] [T31 S1   3%] [1:WORK 00000002:0.00]
2020-08-13T19:26:35 [e00:00.07 r00:01.02 l00000001] [T31 S2   6%] [1:SUCC 00000002:0.01]
2020-08-13T19:26:35 [e00:00.07 r00:01.03 l00000001] [T31 S2   6%] [1:WORK 00000003:0.00]
2020-08-13T19:26:35 [e00:00.08 r00:00.77 l00000001] [T31 S3   9%] [1:SUCC 00000003:0.01]
2020-08-13T19:26:35 [e00:00.08 r00:00.78 l00000001] [T31 S3   9%] [1:WORK 00000004:0.00]
2020-08-13T19:26:35 [e00:00.10 r00:00.66 l00000001] [T31 S4  12%] [1:SUCC 00000004:0.01]
2020-08-13T19:26:35 [e00:00.10 r00:00.68 l00000001] [T31 S4  12%] [1:WORK 00000005:0.00]
2020-08-13T19:26:35 [e00:00.11 r00:00.57 l00000001] [T31 S5  16%] [1:SUCC 00000005:0.01]
2020-08-13T19:26:35 [e00:00.11 r00:00.57 l00000001] [T31 S5  16%] [1:WORK 00000006:0.00]
2020-08-13T19:26:35 [e00:00.12 r00:00.51 l00000001] [T31 S6  19%] [1:SUCC 00000006:0.01]
2020-08-13T19:26:35 [e00:00.12 r00:00.51 l00000001] [T31 S6  19%] [1:WORK 00000007:0.00]
2020-08-13T19:26:35 [e00:00.14 r00:00.46 l00000001] [T31 S7  22%] [1:SUCC 00000007:0.01]
2020-08-13T19:26:35 [e00:00.14 r00:00.46 l00000001] [T31 S7  22%] [1:WORK 00000008:0.00]
2020-08-13T19:26:35 [e00:00.15 r00:00.42 l00000001] [T31 S8  25%] [1:SUCC 00000008:0.01]
2020-08-13T19:26:35 [e00:00.15 r00:00.42 l00000001] [T31 S8  25%] [1:WORK 00000009:0.00]
2020-08-13T19:26:35 [e00:00.16 r00:00.38 l00000001] [T31 S9  29%] [1:SUCC 00000009:0.01]
2020-08-13T19:26:35 [e00:00.16 r00:00.38 l00000001] [T31 S9  29%] [1:WORK 00000010:0.00]
2020-08-13T19:26:35 [e00:00.17 r00:00.35 l00000001] [T31 S10  32%] [1:SUCC 00000010:0.01]
2020-08-13T19:26:35 [e00:00.17 r00:00.35 l00000001] [T31 S10  32%] [1:WORK 00000011:0.00]
2020-08-13T19:26:35 [e00:00.18 r00:00.33 l00000001] [T31 S11  35%] [1:SUCC 00000011:0.01]
2020-08-13T19:26:35 [e00:00.18 r00:00.33 l00000001] [T31 S11  35%] [1:WORK 00000012:0.00]
2020-08-13T19:26:35 [e00:00.20 r00:00.31 l00000001] [T31 S12  38%] [1:SUCC 00000012:0.02]
2020-08-13T19:26:35 [e00:00.20 r00:00.31 l00000001] [T31 S12  38%] [1:WORK 00000013:0.00]
2020-08-13T19:26:35 [e00:00.21 r00:00.29 l00000001] [T31 S13  41%] [1:SUCC 00000013:0.01]
2020-08-13T19:26:35 [e00:00.21 r00:00.29 l00000001] [T31 S13  41%] [1:WORK 00000014:0.00]
2020-08-13T19:26:35 [e00:00.22 r00:00.26 l00000001] [T31 S14  45%] [1:SUCC 00000014:0.01]
2020-08-13T19:26:35 [e00:00.22 r00:00.27 l00000001] [T31 S14  45%] [1:WORK 00000015:0.00]
2020-08-13T19:26:35 [e00:00.23 r00:00.25 l00000001] [T31 S15  48%] [1:SUCC 00000015:0.01]
2020-08-13T19:26:35 [e00:00.23 r00:00.25 l00000001] [T31 S15  48%] [1:WORK 00000016:0.00]
2020-08-13T19:26:35 [e00:00.24 r00:00.23 l00000001] [T31 S16  51%] [1:SUCC 00000016:0.01]
2020-08-13T19:26:35 [e00:00.25 r00:00.23 l00000001] [T31 S16  51%] [1:WORK 00000017:0.00]
2020-08-13T19:26:35 [e00:00.26 r00:00.21 l00000001] [T31 S17  54%] [1:SUCC 00000017:0.01]
2020-08-13T19:26:35 [e00:00.26 r00:00.21 l00000001] [T31 S17  54%] [1:WORK 00000018:0.00]
2020-08-13T19:26:35 [e00:00.27 r00:00.19 l00000001] [T31 S18  58%] [1:SUCC 00000018:0.01]
2020-08-13T19:26:35 [e00:00.27 r00:00.19 l00000001] [T31 S18  58%] [1:WORK 00000019:0.00]
2020-08-13T19:26:35 [e00:00.27 r00:00.17 l00000001] [T31 S19  61%] [1:SUCC 00000019:0.01]
2020-08-13T19:26:35 [e00:00.27 r00:00.17 l00000001] [T31 S19  61%] [1:WORK 00000020:0.00]
2020-08-13T19:26:35 [e00:00.28 r00:00.16 l00000001] [T31 S20  64%] [1:SUCC 00000020:0.01]
2020-08-13T19:26:35 [e00:00.28 r00:00.16 l00000001] [T31 S20  64%] [1:WORK 00000021:0.00]
2020-08-13T19:26:35 [e00:00.29 r00:00.14 l00000001] [T31 S21  67%] [1:SUCC 00000021:0.01]
2020-08-13T19:26:35 [e00:00.29 r00:00.14 l00000001] [T31 S21  67%] [1:WORK 00000022:0.00]
2020-08-13T19:26:35 [e00:00.30 r00:00.12 l00000001] [T31 S22  70%] [1:SUCC 00000022:0.01]
2020-08-13T19:26:35 [e00:00.30 r00:00.12 l00000001] [T31 S22  70%] [1:WORK 00000023:0.00]
2020-08-13T19:26:35 [e00:00.31 r00:00.11 l00000001] [T31 S23  74%] [1:SUCC 00000023:0.01]
2020-08-13T19:26:35 [e00:00.31 r00:00.11 l00000001] [T31 S23  74%] [1:WORK 00000024:0.00]
2020-08-13T19:26:35 [e00:00.32 r00:00.09 l00000001] [T31 S24  77%] [1:SUCC 00000024:0.01]
2020-08-13T19:26:35 [e00:00.32 r00:00.09 l00000001] [T31 S24  77%] [1:WORK 00000025:0.00]
2020-08-13T19:26:35 [e00:00.33 r00:00.08 l00000001] [T31 S25  80%] [1:SUCC 00000025:0.01]
2020-08-13T19:26:35 [e00:00.33 r00:00.08 l00000001] [T31 S25  80%] [1:WORK 00000026:0.00]
2020-08-13T19:26:35 [e00:00.34 r00:00.06 l00000001] [T31 S26  83%] [1:SUCC 00000026:0.01]
2020-08-13T19:26:35 [e00:00.34 r00:00.06 l00000001] [T31 S26  83%] [1:WORK 00000027:0.00]
2020-08-13T19:26:35 [e00:00.34 r00:00.05 l00000001] [T31 S27  87%] [1:SUCC 00000027:0.01]
2020-08-13T19:26:35 [e00:00.34 r00:00.05 l00000001] [T31 S27  87%] [1:WORK 00000028:0.00]
2020-08-13T19:26:35 [e00:00.35 r00:00.04 l00000001] [T31 S28  90%] [1:SUCC 00000028:0.01]
2020-08-13T19:26:35 [e00:00.35 r00:00.04 l00000001] [T31 S28  90%] [1:WORK 00000029:0.00]
2020-08-13T19:26:35 [e00:00.36 r00:00.02 l00000001] [T31 S29  93%] [1:SUCC 00000029:0.01]
2020-08-13T19:26:35 [e00:00.36 r00:00.02 l00000001] [T31 S29  93%] [1:WORK 00000030:0.00]
2020-08-13T19:26:35 [e00:00.37 r00:00.01 l00000001] [T31 S30  96%] [1:SUCC 00000030:0.01]
2020-08-13T19:26:35 [e00:00.37 r00:00.01 l00000001] [T31 S30  96%] [1:WORK 00000031:0.00]
2020-08-13T19:26:35 [e00:00.37 r00:00.00 l00000001] [T31 S31 100%] [1:SUCC 00000031:0.01]
